2023-08-25 20:42:05,259:INFO:PyCaret Supervised Module
2023-08-25 20:42:05,259:INFO:ML Usecase: classification
2023-08-25 20:42:05,259:INFO:version 2.3.10
2023-08-25 20:42:05,259:INFO:Initializing setup()
2023-08-25 20:42:05,259:INFO:setup(target=target, ml_usecase=classification, available_plots={'parameter': 'Hyperparameters', 'auc': 'AUC', 'confusion_matrix': 'Confusion Matrix', 'threshold': 'Threshold', 'pr': 'Precision Recall', 'error': 'Prediction Error', 'class_report': 'Class Report', 'rfe': 'Feature Selection', 'learning': 'Learning Curve', 'manifold': 'Manifold Learning', 'calibration': 'Calibration Curve', 'vc': 'Validation Curve', 'dimension': 'Dimensions', 'feature': 'Feature Importance', 'feature_all': 'Feature Importance (All)', 'boundary': 'Decision Boundary', 'lift': 'Lift Chart', 'gain': 'Gain Chart', 'tree': 'Decision Tree', 'ks': 'KS Statistic Plot'}, train_size=0.7, test_data=       customer_tenure  product_mix_all  hsic_count  ttv_count  sing_count  \
24716                2                2           1          1           0   
24717                2                1           1          0           0   
24718                3                1           1          0           0   
24719                3                1           1          0           0   
24720                2                2           1          1           0   
...                ...              ...         ...        ...         ...   
32285                2                2           1          1           0   
32286                2                2           1          1           0   
32287                2                2           1          1           0   
32288                2                1           1          0           0   
32289                2                2           1          1           0   

       mob_count  shs_count  new_hsic_ind  new_ttv_ind  new_sing_ind  \
24716          0          0             0            0             0   
24717          0          0             0            0             0   
24718          0          0             0            0             0   
24719          0          0             0            0             0   
24720          0          0             0            0             0   
...          ...        ...           ...          ...           ...   
32285          0          0             0            0             0   
32286          0          0             0            0             0   
32287          1          0             0            0             0   
32288          0          0             0            0             0   
32289          0          0             0            0             0   

       new_c_ind  new_smhm_ind  mnh_ind  ffh_amt_0  ffh_amt_1  ffh_amt_2  \
24716          0             0        0      89.00      89.00      89.00   
24717          0             0        0     115.88     115.88     115.88   
24718          0             0        0      62.04      54.95      54.95   
24719          0             0        0      87.04      84.50      84.50   
24720          0             0        0     139.83     139.91     186.85   
...          ...           ...      ...        ...        ...        ...   
32285          0             0        0     157.50     157.50     168.17   
32286          0             0        0     104.98     104.98     104.98   
32287          0             0        1     108.50      80.50      90.42   
32288          0             0        0      87.72      85.16      86.18   
32289          0             0        0     176.72     176.72     176.56   

       ffh_amt_3  ffh_amt_4  ffh_amt_5  tot_disc_pct  sing_disc_pct  \
24716      89.00      89.00      89.00         41.38           0.00   
24717     115.88     115.88     115.88         45.26           0.00   
24718      54.95      54.95      54.95         53.83           0.00   
24719      84.50      84.50      87.04         37.36           0.00   
24720     170.96     128.19     310.95         42.07          47.57   
...          ...        ...        ...           ...            ...   
32285     136.50     136.50     136.50         11.76           0.00   
32286     104.98     107.20     104.98         53.25           0.00   
32287      85.75      80.50      82.99         31.11           0.00   
32288      84.00      84.00      84.00         27.59           0.00   
32289     176.56     176.58     176.58         33.76          99.30   

       hsic_disc_pct  ttv_disc_pct  smhm_disc_pct  hs_tot_gb_0  hs_tot_gb_1  \
24716          40.00         50.00            0.0   468.024211   327.273436   
24717          42.22          0.00            0.0   612.752625   590.282875   
24718          55.39          0.00            0.0   223.765506   269.420328   
24719          32.93          0.00            0.0   354.437709   327.122045   
24720           5.26         74.68            0.0     9.198501     9.271560   
...              ...           ...            ...          ...          ...   
32285           0.00         33.33            0.0  1205.863577  1185.070784   
32286          39.09         83.75           50.0   334.217245   413.413688   
32287          36.15         17.25            0.0   362.975324   292.188065   
32288          28.57          0.00            0.0   306.208922   821.320931   
32289          14.81         32.39            0.0   828.839503   972.073302   

       hs_tot_gb_2  demo_avg_income  num_srvc_typ_copper_sum  \
24716   388.192123            94871                        1   
24717   478.964022            99905                        0   
24718   232.563231           157740                        0   
24719   413.728299                0                        0   
24720     8.536927                0                        1   
...            ...              ...                      ...   
32285   708.591042            72253                        1   
32286   755.084692            45670                        0   
32287   313.485973           109922                        0   
32288   762.125343            81088                        1   
32289   674.476125            91756                        0   

       num_srvc_typ_gpon_sum  tot_click_cnt_r90d  wln_tot_cnt_r90d  \
24716                      0                  11                 0   
24717                      1                  25                 3   
24718                      1                  47                16   
24719                      1                   0                 0   
24720                      0                  47                 0   
...                      ...                 ...               ...   
32285                      0                   0                 0   
32286                      1                   9                 0   
32287                      1                 139                 0   
32288                      0                   0                 0   
32289                      1                  14                 2   

       wln_hsic_cnt_r90d  wln_tv_cnt_r90d  wln_streaming_cnt_r90d  \
24716                  0                0                       0   
24717                  0                0                       0   
24718                  0                0                       0   
24719                  0                0                       0   
24720                  0                0                       0   
...                  ...              ...                     ...   
32285                  0                0                       0   
32286                  0                0                       0   
32287                  0                0                       0   
32288                  0                0                       0   
32289                  0                0                       0   

       wln_security_cnt_r90d  wln_smarthome_security_cnt_r90d  \
24716                      0                                0   
24717                      0                                0   
24718                      0                                0   
24719                      0                                0   
24720                      0                                0   
...                      ...                              ...   
32285                      0                                0   
32286                      0                                0   
32287                      0                                0   
32288                      0                                0   
32289                      0                                0   

       wln_online_security_cnt_r90d  wln_smartwear_security_cnt_r90d  \
24716                             0                                0   
24717                             0                                0   
24718                             0                                0   
24719                             0                                0   
24720                             0                                0   
...                             ...                              ...   
32285                             0                                0   
32286                             0                                0   
32287                             0                                0   
32288                             0                                0   
32289                             0                                0   

       frequency  recency  have_called  demo_urban_flag  demo_rural_flag  \
24716          0     1999            0                1                0   
24717          0     1999            0                1                0   
24718          2        8            1                1                0   
24719          2      628            1                0                0   
24720          2      191            1                0                0   
...          ...      ...          ...              ...              ...   
32285          1      570            1                1                0   
32286          2      135            1                1                0   
32287          2      377            1                1                0   
32288          0     1999            0                1                0   
32289          1      243            1                1                0   

       demo_family_flag  demo_lsname_Large_Diverse_Families  \
24716                 1                                   0   
24717                 1                                   0   
24718                 1                                   1   
24719                 0                                   0   
24720                 0                                   0   
...                 ...                                 ...   
32285                 1                                   0   
32286                 0                                   0   
32287                 0                                   0   
32288                 0                                   0   
32289                 1                                   0   

       demo_lsname_Mature_Singles_and_Couples  \
24716                                       0   
24717                                       0   
24718                                       0   
24719                                       0   
24720                                       0   
...                                       ...   
32285                                       0   
32286                                       0   
32287                                       0   
32288                                       0   
32289                                       0   

       demo_lsname_Middle_Age_Families  \
24716                                1   
24717                                1   
24718                                0   
24719                                0   
24720                                0   
...                                ...   
32285                                0   
32286                                0   
32287                                0   
32288                                0   
32289                                0   

       demo_lsname_Older_Families_and_Empty_Nests  \
24716                                           0   
24717                                           0   
24718                                           0   
24719                                           0   
24720                                           0   
...                                           ...   
32285                                           0   
32286                                           0   
32287                                           0   
32288                                           0   
32289                                           0   

       demo_lsname_School_Age_Families  demo_lsname_Unassigned  \
24716                                0                       0   
24717                                0                       0   
24718                                0                       0   
24719                                0                       0   
24720                                0                       1   
...                                ...                     ...   
32285                                1                       0   
32286                                0                       0   
32287                                0                       0   
32288                                0                       0   
32289                                1                       0   

       demo_lsname_Very_Young_Singles_and_Couples  demo_lsname_Young_Families  \
24716                                           0                           0   
24717                                           0                           0   
24718                                           0                           0   
24719                                           0                           0   
24720                                           0                           0   
...                                           ...                         ...   
32285                                           0                           0   
32286                                           0                           0   
32287                                           0                           0   
32288                                           0                           0   
32289                                           0                           0   

       demo_lsname_Younger_Singles_and_Couples  target  
24716                                        0     NaN  
24717                                        0     NaN  
24718                                        0     NaN  
24719                                        0     NaN  
24720                                        0     NaN  
...                                        ...     ...  
32285                                        0     NaN  
32286                                        1     NaN  
32287                                        1     NaN  
32288                                        1     NaN  
32289                                        0     NaN  

[7574 rows x 55 columns], preprocess=True, imputation_type=simple, iterative_imputation_iters=5, categorical_features=None, categorical_imputation=constant, categorical_iterative_imputer=lightgbm, ordinal_features=None, high_cardinality_features=None, high_cardinality_method=frequency, numeric_features=['customer_tenure', 'product_mix_all', 'hsic_count', 'ttv_count', 'sing_count', 'mob_count', 'shs_count', 'new_hsic_ind', 'new_ttv_ind', 'new_sing_ind', 'new_c_ind', 'new_smhm_ind', 'mnh_ind', 'ffh_amt_0', 'ffh_amt_1', 'ffh_amt_2', 'ffh_amt_3', 'ffh_amt_4', 'ffh_amt_5', 'tot_disc_pct', 'sing_disc_pct', 'hsic_disc_pct', 'ttv_disc_pct', 'smhm_disc_pct', 'hs_tot_gb_0', 'hs_tot_gb_1', 'hs_tot_gb_2', 'demo_avg_income', 'num_srvc_typ_copper_sum', 'num_srvc_typ_gpon_sum', 'tot_click_cnt_r90d', 'wln_tot_cnt_r90d', 'wln_hsic_cnt_r90d', 'wln_tv_cnt_r90d', 'wln_streaming_cnt_r90d', 'wln_security_cnt_r90d', 'wln_smarthome_security_cnt_r90d', 'wln_online_security_cnt_r90d', 'wln_smartwear_security_cnt_r90d', 'frequency', 'recency', 'have_called', 'demo_urban_flag', 'demo_rural_flag', 'demo_family_flag', 'demo_lsname_Large_Diverse_Families', 'demo_lsname_Mature_Singles_and_Couples', 'demo_lsname_Middle_Age_Families', 'demo_lsname_Older_Families_and_Empty_Nests', 'demo_lsname_School_Age_Families', 'demo_lsname_Unassigned', 'demo_lsname_Very_Young_Singles_and_Couples', 'demo_lsname_Young_Families', 'demo_lsname_Younger_Singles_and_Couples', 'target'], numeric_imputation=mean, numeric_iterative_imputer=lightgbm, date_features=None, ignore_features=None, normalize=True, normalize_method=zscore, transformation=False, transformation_method=yeo-johnson, handle_unknown_categorical=True, unknown_categorical_method=least_frequent, pca=False, pca_method=linear, pca_components=None, ignore_low_variance=False, combine_rare_levels=False, rare_level_threshold=0.1, bin_numeric_features=None, remove_outliers=True, outliers_threshold=0.05, remove_multicollinearity=True, multicollinearity_threshold=0.95, remove_perfect_collinearity=True, create_clusters=False, cluster_iter=20, polynomial_features=False, polynomial_degree=2, trigonometry_features=False, polynomial_threshold=0.1, group_features=None, group_names=None, feature_selection=True, feature_selection_threshold=0.8, feature_selection_method=classic, feature_interaction=False, feature_ratio=False, interaction_threshold=0.01, fix_imbalance=False, fix_imbalance_method=None, transform_target=False, transform_target_method=box-cox, data_split_shuffle=True, data_split_stratify=False, fold_strategy=stratifiedkfold, fold=5, fold_shuffle=True, fold_groups=None, n_jobs=-1, use_gpu=False, custom_pipeline=None, html=True, session_id=123, log_experiment=False, experiment_name=None, experiment_custom_tags=None, log_plots=False, log_profile=False, log_data=False, silent=True, verbose=True, profile=False, profile_kwargs=None, display=None)
2023-08-25 20:42:05,259:INFO:Checking environment
2023-08-25 20:42:05,259:INFO:python_version: 3.7.12
2023-08-25 20:42:05,260:INFO:python_build: ('default', 'Oct 26 2021 06:08:53')
2023-08-25 20:42:05,260:INFO:machine: x86_64
2023-08-25 20:42:05,260:INFO:platform: Linux-4.19.0-23-cloud-amd64-x86_64-with-debian-bullseye-sid
2023-08-25 20:42:05,260:INFO:Memory: svmem(total=15763980288, available=13976240128, percent=11.3, used=1486258176, free=13254832128, active=1711153152, inactive=511971328, buffers=106258432, cached=916631552, shared=8798208, slab=152309760)
2023-08-25 20:42:05,261:INFO:Physical Core: 2
2023-08-25 20:42:05,261:INFO:Logical Core: 4
2023-08-25 20:42:05,261:INFO:Checking libraries
2023-08-25 20:42:05,261:INFO:pd==1.3.5
2023-08-25 20:42:05,261:INFO:numpy==1.20.3
2023-08-25 20:42:05,261:INFO:sklearn==0.23.2
2023-08-25 20:42:05,261:INFO:lightgbm==3.3.3
2023-08-25 20:42:05,262:WARNING:catboost not found
2023-08-25 20:42:05,669:INFO:xgboost==1.6.2
2023-08-25 20:42:05,669:INFO:mlflow==1.30.0
2023-08-25 20:42:05,669:INFO:Checking Exceptions
2023-08-25 20:42:51,244:INFO:PyCaret Supervised Module
2023-08-25 20:42:51,244:INFO:ML Usecase: classification
2023-08-25 20:42:51,244:INFO:version 2.3.10
2023-08-25 20:42:51,244:INFO:Initializing setup()
2023-08-25 20:42:51,244:INFO:setup(target=target, ml_usecase=classification, available_plots={'parameter': 'Hyperparameters', 'auc': 'AUC', 'confusion_matrix': 'Confusion Matrix', 'threshold': 'Threshold', 'pr': 'Precision Recall', 'error': 'Prediction Error', 'class_report': 'Class Report', 'rfe': 'Feature Selection', 'learning': 'Learning Curve', 'manifold': 'Manifold Learning', 'calibration': 'Calibration Curve', 'vc': 'Validation Curve', 'dimension': 'Dimensions', 'feature': 'Feature Importance', 'feature_all': 'Feature Importance (All)', 'boundary': 'Decision Boundary', 'lift': 'Lift Chart', 'gain': 'Gain Chart', 'tree': 'Decision Tree', 'ks': 'KS Statistic Plot'}, train_size=0.7, test_data=       customer_tenure  product_mix_all  hsic_count  ttv_count  sing_count  \
24716                2                2           1          1           0   
24717                2                1           1          0           0   
24718                3                1           1          0           0   
24719                3                1           1          0           0   
24720                2                2           1          1           0   
...                ...              ...         ...        ...         ...   
32285                2                2           1          1           0   
32286                2                2           1          1           0   
32287                2                2           1          1           0   
32288                2                1           1          0           0   
32289                2                2           1          1           0   

       mob_count  shs_count  new_hsic_ind  new_ttv_ind  new_sing_ind  \
24716          0          0             0            0             0   
24717          0          0             0            0             0   
24718          0          0             0            0             0   
24719          0          0             0            0             0   
24720          0          0             0            0             0   
...          ...        ...           ...          ...           ...   
32285          0          0             0            0             0   
32286          0          0             0            0             0   
32287          1          0             0            0             0   
32288          0          0             0            0             0   
32289          0          0             0            0             0   

       new_c_ind  new_smhm_ind  mnh_ind  ffh_amt_0  ffh_amt_1  ffh_amt_2  \
24716          0             0        0      89.00      89.00      89.00   
24717          0             0        0     115.88     115.88     115.88   
24718          0             0        0      62.04      54.95      54.95   
24719          0             0        0      87.04      84.50      84.50   
24720          0             0        0     139.83     139.91     186.85   
...          ...           ...      ...        ...        ...        ...   
32285          0             0        0     157.50     157.50     168.17   
32286          0             0        0     104.98     104.98     104.98   
32287          0             0        1     108.50      80.50      90.42   
32288          0             0        0      87.72      85.16      86.18   
32289          0             0        0     176.72     176.72     176.56   

       ffh_amt_3  ffh_amt_4  ffh_amt_5  tot_disc_pct  sing_disc_pct  \
24716      89.00      89.00      89.00         41.38           0.00   
24717     115.88     115.88     115.88         45.26           0.00   
24718      54.95      54.95      54.95         53.83           0.00   
24719      84.50      84.50      87.04         37.36           0.00   
24720     170.96     128.19     310.95         42.07          47.57   
...          ...        ...        ...           ...            ...   
32285     136.50     136.50     136.50         11.76           0.00   
32286     104.98     107.20     104.98         53.25           0.00   
32287      85.75      80.50      82.99         31.11           0.00   
32288      84.00      84.00      84.00         27.59           0.00   
32289     176.56     176.58     176.58         33.76          99.30   

       hsic_disc_pct  ttv_disc_pct  smhm_disc_pct  hs_tot_gb_0  hs_tot_gb_1  \
24716          40.00         50.00            0.0   468.024211   327.273436   
24717          42.22          0.00            0.0   612.752625   590.282875   
24718          55.39          0.00            0.0   223.765506   269.420328   
24719          32.93          0.00            0.0   354.437709   327.122045   
24720           5.26         74.68            0.0     9.198501     9.271560   
...              ...           ...            ...          ...          ...   
32285           0.00         33.33            0.0  1205.863577  1185.070784   
32286          39.09         83.75           50.0   334.217245   413.413688   
32287          36.15         17.25            0.0   362.975324   292.188065   
32288          28.57          0.00            0.0   306.208922   821.320931   
32289          14.81         32.39            0.0   828.839503   972.073302   

       hs_tot_gb_2  demo_avg_income  num_srvc_typ_copper_sum  \
24716   388.192123            94871                        1   
24717   478.964022            99905                        0   
24718   232.563231           157740                        0   
24719   413.728299                0                        0   
24720     8.536927                0                        1   
...            ...              ...                      ...   
32285   708.591042            72253                        1   
32286   755.084692            45670                        0   
32287   313.485973           109922                        0   
32288   762.125343            81088                        1   
32289   674.476125            91756                        0   

       num_srvc_typ_gpon_sum  tot_click_cnt_r90d  wln_tot_cnt_r90d  \
24716                      0                  11                 0   
24717                      1                  25                 3   
24718                      1                  47                16   
24719                      1                   0                 0   
24720                      0                  47                 0   
...                      ...                 ...               ...   
32285                      0                   0                 0   
32286                      1                   9                 0   
32287                      1                 139                 0   
32288                      0                   0                 0   
32289                      1                  14                 2   

       wln_hsic_cnt_r90d  wln_tv_cnt_r90d  wln_streaming_cnt_r90d  \
24716                  0                0                       0   
24717                  0                0                       0   
24718                  0                0                       0   
24719                  0                0                       0   
24720                  0                0                       0   
...                  ...              ...                     ...   
32285                  0                0                       0   
32286                  0                0                       0   
32287                  0                0                       0   
32288                  0                0                       0   
32289                  0                0                       0   

       wln_security_cnt_r90d  wln_smarthome_security_cnt_r90d  \
24716                      0                                0   
24717                      0                                0   
24718                      0                                0   
24719                      0                                0   
24720                      0                                0   
...                      ...                              ...   
32285                      0                                0   
32286                      0                                0   
32287                      0                                0   
32288                      0                                0   
32289                      0                                0   

       wln_online_security_cnt_r90d  wln_smartwear_security_cnt_r90d  \
24716                             0                                0   
24717                             0                                0   
24718                             0                                0   
24719                             0                                0   
24720                             0                                0   
...                             ...                              ...   
32285                             0                                0   
32286                             0                                0   
32287                             0                                0   
32288                             0                                0   
32289                             0                                0   

       frequency  recency  have_called  demo_urban_flag  demo_rural_flag  \
24716          0     1999            0                1                0   
24717          0     1999            0                1                0   
24718          2        8            1                1                0   
24719          2      628            1                0                0   
24720          2      191            1                0                0   
...          ...      ...          ...              ...              ...   
32285          1      570            1                1                0   
32286          2      135            1                1                0   
32287          2      377            1                1                0   
32288          0     1999            0                1                0   
32289          1      243            1                1                0   

       demo_family_flag  demo_lsname_Large_Diverse_Families  \
24716                 1                                   0   
24717                 1                                   0   
24718                 1                                   1   
24719                 0                                   0   
24720                 0                                   0   
...                 ...                                 ...   
32285                 1                                   0   
32286                 0                                   0   
32287                 0                                   0   
32288                 0                                   0   
32289                 1                                   0   

       demo_lsname_Mature_Singles_and_Couples  \
24716                                       0   
24717                                       0   
24718                                       0   
24719                                       0   
24720                                       0   
...                                       ...   
32285                                       0   
32286                                       0   
32287                                       0   
32288                                       0   
32289                                       0   

       demo_lsname_Middle_Age_Families  \
24716                                1   
24717                                1   
24718                                0   
24719                                0   
24720                                0   
...                                ...   
32285                                0   
32286                                0   
32287                                0   
32288                                0   
32289                                0   

       demo_lsname_Older_Families_and_Empty_Nests  \
24716                                           0   
24717                                           0   
24718                                           0   
24719                                           0   
24720                                           0   
...                                           ...   
32285                                           0   
32286                                           0   
32287                                           0   
32288                                           0   
32289                                           0   

       demo_lsname_School_Age_Families  demo_lsname_Unassigned  \
24716                                0                       0   
24717                                0                       0   
24718                                0                       0   
24719                                0                       0   
24720                                0                       1   
...                                ...                     ...   
32285                                1                       0   
32286                                0                       0   
32287                                0                       0   
32288                                0                       0   
32289                                1                       0   

       demo_lsname_Very_Young_Singles_and_Couples  demo_lsname_Young_Families  \
24716                                           0                           0   
24717                                           0                           0   
24718                                           0                           0   
24719                                           0                           0   
24720                                           0                           0   
...                                           ...                         ...   
32285                                           0                           0   
32286                                           0                           0   
32287                                           0                           0   
32288                                           0                           0   
32289                                           0                           0   

       demo_lsname_Younger_Singles_and_Couples  target  
24716                                        0     NaN  
24717                                        0     NaN  
24718                                        0     NaN  
24719                                        0     NaN  
24720                                        0     NaN  
...                                        ...     ...  
32285                                        0     NaN  
32286                                        1     NaN  
32287                                        1     NaN  
32288                                        1     NaN  
32289                                        0     NaN  

[7574 rows x 55 columns], preprocess=True, imputation_type=simple, iterative_imputation_iters=5, categorical_features=None, categorical_imputation=constant, categorical_iterative_imputer=lightgbm, ordinal_features=None, high_cardinality_features=None, high_cardinality_method=frequency, numeric_features=['customer_tenure', 'product_mix_all', 'hsic_count', 'ttv_count', 'sing_count', 'mob_count', 'shs_count', 'new_hsic_ind', 'new_ttv_ind', 'new_sing_ind', 'new_c_ind', 'new_smhm_ind', 'mnh_ind', 'ffh_amt_0', 'ffh_amt_1', 'ffh_amt_2', 'ffh_amt_3', 'ffh_amt_4', 'ffh_amt_5', 'tot_disc_pct', 'sing_disc_pct', 'hsic_disc_pct', 'ttv_disc_pct', 'smhm_disc_pct', 'hs_tot_gb_0', 'hs_tot_gb_1', 'hs_tot_gb_2', 'demo_avg_income', 'num_srvc_typ_copper_sum', 'num_srvc_typ_gpon_sum', 'tot_click_cnt_r90d', 'wln_tot_cnt_r90d', 'wln_hsic_cnt_r90d', 'wln_tv_cnt_r90d', 'wln_streaming_cnt_r90d', 'wln_security_cnt_r90d', 'wln_smarthome_security_cnt_r90d', 'wln_online_security_cnt_r90d', 'wln_smartwear_security_cnt_r90d', 'frequency', 'recency', 'have_called', 'demo_urban_flag', 'demo_rural_flag', 'demo_family_flag', 'demo_lsname_Large_Diverse_Families', 'demo_lsname_Mature_Singles_and_Couples', 'demo_lsname_Middle_Age_Families', 'demo_lsname_Older_Families_and_Empty_Nests', 'demo_lsname_School_Age_Families', 'demo_lsname_Unassigned', 'demo_lsname_Very_Young_Singles_and_Couples', 'demo_lsname_Young_Families', 'demo_lsname_Younger_Singles_and_Couples', 'target'], numeric_imputation=mean, numeric_iterative_imputer=lightgbm, date_features=None, ignore_features=None, normalize=True, normalize_method=zscore, transformation=False, transformation_method=yeo-johnson, handle_unknown_categorical=True, unknown_categorical_method=least_frequent, pca=False, pca_method=linear, pca_components=None, ignore_low_variance=False, combine_rare_levels=False, rare_level_threshold=0.1, bin_numeric_features=None, remove_outliers=True, outliers_threshold=0.05, remove_multicollinearity=True, multicollinearity_threshold=0.95, remove_perfect_collinearity=True, create_clusters=False, cluster_iter=20, polynomial_features=False, polynomial_degree=2, trigonometry_features=False, polynomial_threshold=0.1, group_features=None, group_names=None, feature_selection=True, feature_selection_threshold=0.8, feature_selection_method=classic, feature_interaction=False, feature_ratio=False, interaction_threshold=0.01, fix_imbalance=False, fix_imbalance_method=None, transform_target=False, transform_target_method=box-cox, data_split_shuffle=True, data_split_stratify=False, fold_strategy=stratifiedkfold, fold=5, fold_shuffle=True, fold_groups=None, n_jobs=-1, use_gpu=False, custom_pipeline=None, html=True, session_id=123, log_experiment=False, experiment_name=None, experiment_custom_tags=None, log_plots=False, log_profile=False, log_data=False, silent=True, verbose=True, profile=False, profile_kwargs=None, display=None)
2023-08-25 20:42:51,244:INFO:Checking environment
2023-08-25 20:42:51,244:INFO:python_version: 3.7.12
2023-08-25 20:42:51,244:INFO:python_build: ('default', 'Oct 26 2021 06:08:53')
2023-08-25 20:42:51,244:INFO:machine: x86_64
2023-08-25 20:42:51,244:INFO:platform: Linux-4.19.0-23-cloud-amd64-x86_64-with-debian-bullseye-sid
2023-08-25 20:42:51,245:INFO:Memory: svmem(total=15763980288, available=13970030592, percent=11.4, used=1478930432, free=13256654848, active=1706979328, inactive=503828480, buffers=106323968, cached=922071040, shared=8798208, slab=152444928)
2023-08-25 20:42:51,245:INFO:Physical Core: 2
2023-08-25 20:42:51,245:INFO:Logical Core: 4
2023-08-25 20:42:51,245:INFO:Checking libraries
2023-08-25 20:42:51,245:INFO:pd==1.3.5
2023-08-25 20:42:51,245:INFO:numpy==1.20.3
2023-08-25 20:42:51,245:INFO:sklearn==0.23.2
2023-08-25 20:42:51,245:INFO:lightgbm==3.3.3
2023-08-25 20:42:51,246:WARNING:catboost not found
2023-08-25 20:42:51,246:INFO:xgboost==1.6.2
2023-08-25 20:42:51,246:INFO:mlflow==1.30.0
2023-08-25 20:42:51,246:INFO:Checking Exceptions
2023-08-25 20:45:12,469:INFO:PyCaret Supervised Module
2023-08-25 20:45:12,470:INFO:ML Usecase: classification
2023-08-25 20:45:12,470:INFO:version 2.3.10
2023-08-25 20:45:12,470:INFO:Initializing setup()
2023-08-25 20:45:12,470:INFO:setup(target=target, ml_usecase=classification, available_plots={'parameter': 'Hyperparameters', 'auc': 'AUC', 'confusion_matrix': 'Confusion Matrix', 'threshold': 'Threshold', 'pr': 'Precision Recall', 'error': 'Prediction Error', 'class_report': 'Class Report', 'rfe': 'Feature Selection', 'learning': 'Learning Curve', 'manifold': 'Manifold Learning', 'calibration': 'Calibration Curve', 'vc': 'Validation Curve', 'dimension': 'Dimensions', 'feature': 'Feature Importance', 'feature_all': 'Feature Importance (All)', 'boundary': 'Decision Boundary', 'lift': 'Lift Chart', 'gain': 'Gain Chart', 'tree': 'Decision Tree', 'ks': 'KS Statistic Plot'}, train_size=0.7, test_data=       customer_tenure  product_mix_all  hsic_count  ttv_count  sing_count  \
24716                2                2           1          1           0   
24717                2                1           1          0           0   
24718                3                1           1          0           0   
24719                3                1           1          0           0   
24720                2                2           1          1           0   
...                ...              ...         ...        ...         ...   
32285                2                2           1          1           0   
32286                2                2           1          1           0   
32287                2                2           1          1           0   
32288                2                1           1          0           0   
32289                2                2           1          1           0   

       mob_count  shs_count  new_hsic_ind  new_ttv_ind  new_sing_ind  \
24716          0          0             0            0             0   
24717          0          0             0            0             0   
24718          0          0             0            0             0   
24719          0          0             0            0             0   
24720          0          0             0            0             0   
...          ...        ...           ...          ...           ...   
32285          0          0             0            0             0   
32286          0          0             0            0             0   
32287          1          0             0            0             0   
32288          0          0             0            0             0   
32289          0          0             0            0             0   

       new_c_ind  new_smhm_ind  mnh_ind  ffh_amt_0  ffh_amt_1  ffh_amt_2  \
24716          0             0        0      89.00      89.00      89.00   
24717          0             0        0     115.88     115.88     115.88   
24718          0             0        0      62.04      54.95      54.95   
24719          0             0        0      87.04      84.50      84.50   
24720          0             0        0     139.83     139.91     186.85   
...          ...           ...      ...        ...        ...        ...   
32285          0             0        0     157.50     157.50     168.17   
32286          0             0        0     104.98     104.98     104.98   
32287          0             0        1     108.50      80.50      90.42   
32288          0             0        0      87.72      85.16      86.18   
32289          0             0        0     176.72     176.72     176.56   

       ffh_amt_3  ffh_amt_4  ffh_amt_5  tot_disc_pct  sing_disc_pct  \
24716      89.00      89.00      89.00         41.38           0.00   
24717     115.88     115.88     115.88         45.26           0.00   
24718      54.95      54.95      54.95         53.83           0.00   
24719      84.50      84.50      87.04         37.36           0.00   
24720     170.96     128.19     310.95         42.07          47.57   
...          ...        ...        ...           ...            ...   
32285     136.50     136.50     136.50         11.76           0.00   
32286     104.98     107.20     104.98         53.25           0.00   
32287      85.75      80.50      82.99         31.11           0.00   
32288      84.00      84.00      84.00         27.59           0.00   
32289     176.56     176.58     176.58         33.76          99.30   

       hsic_disc_pct  ttv_disc_pct  smhm_disc_pct  hs_tot_gb_0  hs_tot_gb_1  \
24716          40.00         50.00            0.0   468.024211   327.273436   
24717          42.22          0.00            0.0   612.752625   590.282875   
24718          55.39          0.00            0.0   223.765506   269.420328   
24719          32.93          0.00            0.0   354.437709   327.122045   
24720           5.26         74.68            0.0     9.198501     9.271560   
...              ...           ...            ...          ...          ...   
32285           0.00         33.33            0.0  1205.863577  1185.070784   
32286          39.09         83.75           50.0   334.217245   413.413688   
32287          36.15         17.25            0.0   362.975324   292.188065   
32288          28.57          0.00            0.0   306.208922   821.320931   
32289          14.81         32.39            0.0   828.839503   972.073302   

       hs_tot_gb_2  demo_avg_income  num_srvc_typ_copper_sum  \
24716   388.192123            94871                        1   
24717   478.964022            99905                        0   
24718   232.563231           157740                        0   
24719   413.728299                0                        0   
24720     8.536927                0                        1   
...            ...              ...                      ...   
32285   708.591042            72253                        1   
32286   755.084692            45670                        0   
32287   313.485973           109922                        0   
32288   762.125343            81088                        1   
32289   674.476125            91756                        0   

       num_srvc_typ_gpon_sum  tot_click_cnt_r90d  wln_tot_cnt_r90d  \
24716                      0                  11                 0   
24717                      1                  25                 3   
24718                      1                  47                16   
24719                      1                   0                 0   
24720                      0                  47                 0   
...                      ...                 ...               ...   
32285                      0                   0                 0   
32286                      1                   9                 0   
32287                      1                 139                 0   
32288                      0                   0                 0   
32289                      1                  14                 2   

       wln_hsic_cnt_r90d  wln_tv_cnt_r90d  wln_streaming_cnt_r90d  \
24716                  0                0                       0   
24717                  0                0                       0   
24718                  0                0                       0   
24719                  0                0                       0   
24720                  0                0                       0   
...                  ...              ...                     ...   
32285                  0                0                       0   
32286                  0                0                       0   
32287                  0                0                       0   
32288                  0                0                       0   
32289                  0                0                       0   

       wln_security_cnt_r90d  wln_smarthome_security_cnt_r90d  \
24716                      0                                0   
24717                      0                                0   
24718                      0                                0   
24719                      0                                0   
24720                      0                                0   
...                      ...                              ...   
32285                      0                                0   
32286                      0                                0   
32287                      0                                0   
32288                      0                                0   
32289                      0                                0   

       wln_online_security_cnt_r90d  wln_smartwear_security_cnt_r90d  \
24716                             0                                0   
24717                             0                                0   
24718                             0                                0   
24719                             0                                0   
24720                             0                                0   
...                             ...                              ...   
32285                             0                                0   
32286                             0                                0   
32287                             0                                0   
32288                             0                                0   
32289                             0                                0   

       frequency  recency  have_called  demo_urban_flag  demo_rural_flag  \
24716          0     1999            0                1                0   
24717          0     1999            0                1                0   
24718          2        8            1                1                0   
24719          2      628            1                0                0   
24720          2      191            1                0                0   
...          ...      ...          ...              ...              ...   
32285          1      570            1                1                0   
32286          2      135            1                1                0   
32287          2      377            1                1                0   
32288          0     1999            0                1                0   
32289          1      243            1                1                0   

       demo_family_flag  demo_lsname_Large_Diverse_Families  \
24716                 1                                   0   
24717                 1                                   0   
24718                 1                                   1   
24719                 0                                   0   
24720                 0                                   0   
...                 ...                                 ...   
32285                 1                                   0   
32286                 0                                   0   
32287                 0                                   0   
32288                 0                                   0   
32289                 1                                   0   

       demo_lsname_Mature_Singles_and_Couples  \
24716                                       0   
24717                                       0   
24718                                       0   
24719                                       0   
24720                                       0   
...                                       ...   
32285                                       0   
32286                                       0   
32287                                       0   
32288                                       0   
32289                                       0   

       demo_lsname_Middle_Age_Families  \
24716                                1   
24717                                1   
24718                                0   
24719                                0   
24720                                0   
...                                ...   
32285                                0   
32286                                0   
32287                                0   
32288                                0   
32289                                0   

       demo_lsname_Older_Families_and_Empty_Nests  \
24716                                           0   
24717                                           0   
24718                                           0   
24719                                           0   
24720                                           0   
...                                           ...   
32285                                           0   
32286                                           0   
32287                                           0   
32288                                           0   
32289                                           0   

       demo_lsname_School_Age_Families  demo_lsname_Unassigned  \
24716                                0                       0   
24717                                0                       0   
24718                                0                       0   
24719                                0                       0   
24720                                0                       1   
...                                ...                     ...   
32285                                1                       0   
32286                                0                       0   
32287                                0                       0   
32288                                0                       0   
32289                                1                       0   

       demo_lsname_Very_Young_Singles_and_Couples  demo_lsname_Young_Families  \
24716                                           0                           0   
24717                                           0                           0   
24718                                           0                           0   
24719                                           0                           0   
24720                                           0                           0   
...                                           ...                         ...   
32285                                           0                           0   
32286                                           0                           0   
32287                                           0                           0   
32288                                           0                           0   
32289                                           0                           0   

       demo_lsname_Younger_Singles_and_Couples  target  
24716                                        0     NaN  
24717                                        0     NaN  
24718                                        0     NaN  
24719                                        0     NaN  
24720                                        0     NaN  
...                                        ...     ...  
32285                                        0     NaN  
32286                                        1     NaN  
32287                                        1     NaN  
32288                                        1     NaN  
32289                                        0     NaN  

[7574 rows x 55 columns], preprocess=True, imputation_type=simple, iterative_imputation_iters=5, categorical_features=None, categorical_imputation=constant, categorical_iterative_imputer=lightgbm, ordinal_features=None, high_cardinality_features=None, high_cardinality_method=frequency, numeric_features=['customer_tenure', 'product_mix_all', 'hsic_count', 'ttv_count', 'sing_count', 'mob_count', 'shs_count', 'new_hsic_ind', 'new_ttv_ind', 'new_sing_ind', 'new_c_ind', 'new_smhm_ind', 'mnh_ind', 'ffh_amt_0', 'ffh_amt_1', 'ffh_amt_2', 'ffh_amt_3', 'ffh_amt_4', 'ffh_amt_5', 'tot_disc_pct', 'sing_disc_pct', 'hsic_disc_pct', 'ttv_disc_pct', 'smhm_disc_pct', 'hs_tot_gb_0', 'hs_tot_gb_1', 'hs_tot_gb_2', 'demo_avg_income', 'num_srvc_typ_copper_sum', 'num_srvc_typ_gpon_sum', 'tot_click_cnt_r90d', 'wln_tot_cnt_r90d', 'wln_hsic_cnt_r90d', 'wln_tv_cnt_r90d', 'wln_streaming_cnt_r90d', 'wln_security_cnt_r90d', 'wln_smarthome_security_cnt_r90d', 'wln_online_security_cnt_r90d', 'wln_smartwear_security_cnt_r90d', 'frequency', 'recency', 'have_called', 'demo_urban_flag', 'demo_rural_flag', 'demo_family_flag', 'demo_lsname_Large_Diverse_Families', 'demo_lsname_Mature_Singles_and_Couples', 'demo_lsname_Middle_Age_Families', 'demo_lsname_Older_Families_and_Empty_Nests', 'demo_lsname_School_Age_Families', 'demo_lsname_Unassigned', 'demo_lsname_Very_Young_Singles_and_Couples', 'demo_lsname_Young_Families', 'demo_lsname_Younger_Singles_and_Couples'], numeric_imputation=mean, numeric_iterative_imputer=lightgbm, date_features=None, ignore_features=None, normalize=True, normalize_method=zscore, transformation=False, transformation_method=yeo-johnson, handle_unknown_categorical=True, unknown_categorical_method=least_frequent, pca=False, pca_method=linear, pca_components=None, ignore_low_variance=False, combine_rare_levels=False, rare_level_threshold=0.1, bin_numeric_features=None, remove_outliers=True, outliers_threshold=0.05, remove_multicollinearity=True, multicollinearity_threshold=0.95, remove_perfect_collinearity=True, create_clusters=False, cluster_iter=20, polynomial_features=False, polynomial_degree=2, trigonometry_features=False, polynomial_threshold=0.1, group_features=None, group_names=None, feature_selection=True, feature_selection_threshold=0.8, feature_selection_method=classic, feature_interaction=False, feature_ratio=False, interaction_threshold=0.01, fix_imbalance=False, fix_imbalance_method=None, transform_target=False, transform_target_method=box-cox, data_split_shuffle=True, data_split_stratify=False, fold_strategy=stratifiedkfold, fold=5, fold_shuffle=True, fold_groups=None, n_jobs=-1, use_gpu=False, custom_pipeline=None, html=True, session_id=123, log_experiment=False, experiment_name=None, experiment_custom_tags=None, log_plots=False, log_profile=False, log_data=False, silent=True, verbose=True, profile=False, profile_kwargs=None, display=None)
2023-08-25 20:45:12,470:INFO:Checking environment
2023-08-25 20:45:12,470:INFO:python_version: 3.7.12
2023-08-25 20:45:12,470:INFO:python_build: ('default', 'Oct 26 2021 06:08:53')
2023-08-25 20:45:12,470:INFO:machine: x86_64
2023-08-25 20:45:12,470:INFO:platform: Linux-4.19.0-23-cloud-amd64-x86_64-with-debian-bullseye-sid
2023-08-25 20:45:12,470:INFO:Memory: svmem(total=15763980288, available=13950038016, percent=11.5, used=1516720128, free=13218623488, active=1739665408, inactive=521707520, buffers=106455040, cached=922181632, shared=8798208, slab=152403968)
2023-08-25 20:45:12,471:INFO:Physical Core: 2
2023-08-25 20:45:12,471:INFO:Logical Core: 4
2023-08-25 20:45:12,471:INFO:Checking libraries
2023-08-25 20:45:12,471:INFO:pd==1.3.5
2023-08-25 20:45:12,471:INFO:numpy==1.20.3
2023-08-25 20:45:12,471:INFO:sklearn==0.23.2
2023-08-25 20:45:12,471:INFO:lightgbm==3.3.3
2023-08-25 20:45:12,471:WARNING:catboost not found
2023-08-25 20:45:12,471:INFO:xgboost==1.6.2
2023-08-25 20:45:12,471:INFO:mlflow==1.30.0
2023-08-25 20:45:12,471:INFO:Checking Exceptions
2023-08-25 20:45:12,472:INFO:Declaring global variables
2023-08-25 20:45:12,472:INFO:USI: cf98
2023-08-25 20:45:12,472:INFO:pycaret_globals: {'prep_pipe', 'log_plots_param', '_all_metrics', 'imputation_regressor', 'fold_groups_param_full', 'X', '_all_models', '_available_plots', 'transform_target_method_param', 'imputation_classifier', 'fold_groups_param', 'X_train', 'pycaret_globals', '_ml_usecase', 'create_model_container', 'data_before_preprocess', 'display_container', 'html_param', 'master_model_container', 'experiment__', 'n_jobs_param', 'target_param', 'gpu_param', 'logging_param', 'dashboard_logger', 'iterative_imputation_iters_param', 'y_train', 'fix_imbalance_param', 'stratify_param', 'exp_name_log', 'transform_target_param', '_internal_pipeline', 'fold_shuffle_param', 'fold_generator', 'y', 'seed', 'y_test', '_all_models_internal', 'USI', 'X_test', 'fold_param', 'fix_imbalance_method_param', '_gpu_n_jobs_param'}
2023-08-25 20:45:12,472:INFO:Preparing display monitor
2023-08-25 20:45:12,472:INFO:Preparing display monitor
2023-08-25 20:45:12,490:INFO:Importing libraries
2023-08-25 20:45:12,491:INFO:Copying data for preprocessing
2023-08-25 20:45:12,505:INFO:Declaring preprocessing parameters
2023-08-25 20:45:12,511:INFO:Creating preprocessing pipeline
2023-08-25 20:45:12,520:INFO:Preprocessing pipeline created successfully
2023-08-25 20:45:12,521:ERROR:(Process Exit): setup has been interupted with user command 'quit'. setup must rerun.
2023-08-25 20:45:12,521:INFO:Creating global containers
2023-08-25 20:45:12,534:INFO:Internal pipeline: Pipeline(memory=None, steps=[('empty_step', 'passthrough')], verbose=False)
2023-08-25 20:51:02,798:INFO:PyCaret Supervised Module
2023-08-25 20:51:02,799:INFO:ML Usecase: classification
2023-08-25 20:51:02,799:INFO:version 2.3.10
2023-08-25 20:51:02,799:INFO:Initializing setup()
2023-08-25 20:51:02,799:INFO:setup(target=target, ml_usecase=classification, available_plots={'parameter': 'Hyperparameters', 'auc': 'AUC', 'confusion_matrix': 'Confusion Matrix', 'threshold': 'Threshold', 'pr': 'Precision Recall', 'error': 'Prediction Error', 'class_report': 'Class Report', 'rfe': 'Feature Selection', 'learning': 'Learning Curve', 'manifold': 'Manifold Learning', 'calibration': 'Calibration Curve', 'vc': 'Validation Curve', 'dimension': 'Dimensions', 'feature': 'Feature Importance', 'feature_all': 'Feature Importance (All)', 'boundary': 'Decision Boundary', 'lift': 'Lift Chart', 'gain': 'Gain Chart', 'tree': 'Decision Tree', 'ks': 'KS Statistic Plot'}, train_size=0.7, test_data=       customer_tenure  product_mix_all  hsic_count  ttv_count  sing_count  \
24716                2                2           1          1           0   
24717                2                1           1          0           0   
24718                3                1           1          0           0   
24719                3                1           1          0           0   
24720                2                2           1          1           0   
...                ...              ...         ...        ...         ...   
32285                2                2           1          1           0   
32286                2                2           1          1           0   
32287                2                2           1          1           0   
32288                2                1           1          0           0   
32289                2                2           1          1           0   

       mob_count  shs_count  new_hsic_ind  new_ttv_ind  new_sing_ind  ...  \
24716          0          0             0            0             0  ...   
24717          0          0             0            0             0  ...   
24718          0          0             0            0             0  ...   
24719          0          0             0            0             0  ...   
24720          0          0             0            0             0  ...   
...          ...        ...           ...          ...           ...  ...   
32285          0          0             0            0             0  ...   
32286          0          0             0            0             0  ...   
32287          1          0             0            0             0  ...   
32288          0          0             0            0             0  ...   
32289          0          0             0            0             0  ...   

       demo_lsname_Large_Diverse_Families  \
24716                                   0   
24717                                   0   
24718                                   1   
24719                                   0   
24720                                   0   
...                                   ...   
32285                                   0   
32286                                   0   
32287                                   0   
32288                                   0   
32289                                   0   

       demo_lsname_Mature_Singles_and_Couples  \
24716                                       0   
24717                                       0   
24718                                       0   
24719                                       0   
24720                                       0   
...                                       ...   
32285                                       0   
32286                                       0   
32287                                       0   
32288                                       0   
32289                                       0   

       demo_lsname_Middle_Age_Families  \
24716                                1   
24717                                1   
24718                                0   
24719                                0   
24720                                0   
...                                ...   
32285                                0   
32286                                0   
32287                                0   
32288                                0   
32289                                0   

       demo_lsname_Older_Families_and_Empty_Nests  \
24716                                           0   
24717                                           0   
24718                                           0   
24719                                           0   
24720                                           0   
...                                           ...   
32285                                           0   
32286                                           0   
32287                                           0   
32288                                           0   
32289                                           0   

       demo_lsname_School_Age_Families  demo_lsname_Unassigned  \
24716                                0                       0   
24717                                0                       0   
24718                                0                       0   
24719                                0                       0   
24720                                0                       1   
...                                ...                     ...   
32285                                1                       0   
32286                                0                       0   
32287                                0                       0   
32288                                0                       0   
32289                                1                       0   

       demo_lsname_Very_Young_Singles_and_Couples  demo_lsname_Young_Families  \
24716                                           0                           0   
24717                                           0                           0   
24718                                           0                           0   
24719                                           0                           0   
24720                                           0                           0   
...                                           ...                         ...   
32285                                           0                           0   
32286                                           0                           0   
32287                                           0                           0   
32288                                           0                           0   
32289                                           0                           0   

       demo_lsname_Younger_Singles_and_Couples  target  
24716                                        0     NaN  
24717                                        0     NaN  
24718                                        0     NaN  
24719                                        0     NaN  
24720                                        0     NaN  
...                                        ...     ...  
32285                                        0     NaN  
32286                                        1     NaN  
32287                                        1     NaN  
32288                                        1     NaN  
32289                                        0     NaN  

[7574 rows x 55 columns], preprocess=True, imputation_type=simple, iterative_imputation_iters=5, categorical_features=None, categorical_imputation=constant, categorical_iterative_imputer=lightgbm, ordinal_features=None, high_cardinality_features=None, high_cardinality_method=frequency, numeric_features=['customer_tenure', 'product_mix_all', 'hsic_count', 'ttv_count', 'sing_count', 'mob_count', 'shs_count', 'new_hsic_ind', 'new_ttv_ind', 'new_sing_ind', 'new_c_ind', 'new_smhm_ind', 'mnh_ind', 'ffh_amt_0', 'ffh_amt_1', 'ffh_amt_2', 'ffh_amt_3', 'ffh_amt_4', 'ffh_amt_5', 'tot_disc_pct', 'sing_disc_pct', 'hsic_disc_pct', 'ttv_disc_pct', 'smhm_disc_pct', 'hs_tot_gb_0', 'hs_tot_gb_1', 'hs_tot_gb_2', 'demo_avg_income', 'num_srvc_typ_copper_sum', 'num_srvc_typ_gpon_sum', 'tot_click_cnt_r90d', 'wln_tot_cnt_r90d', 'wln_hsic_cnt_r90d', 'wln_tv_cnt_r90d', 'wln_streaming_cnt_r90d', 'wln_security_cnt_r90d', 'wln_smarthome_security_cnt_r90d', 'wln_online_security_cnt_r90d', 'wln_smartwear_security_cnt_r90d', 'frequency', 'recency', 'have_called', 'demo_urban_flag', 'demo_rural_flag', 'demo_family_flag', 'demo_lsname_Large_Diverse_Families', 'demo_lsname_Mature_Singles_and_Couples', 'demo_lsname_Middle_Age_Families', 'demo_lsname_Older_Families_and_Empty_Nests', 'demo_lsname_School_Age_Families', 'demo_lsname_Unassigned', 'demo_lsname_Very_Young_Singles_and_Couples', 'demo_lsname_Young_Families', 'demo_lsname_Younger_Singles_and_Couples'], numeric_imputation=mean, numeric_iterative_imputer=lightgbm, date_features=None, ignore_features=None, normalize=True, normalize_method=zscore, transformation=False, transformation_method=yeo-johnson, handle_unknown_categorical=True, unknown_categorical_method=least_frequent, pca=False, pca_method=linear, pca_components=None, ignore_low_variance=False, combine_rare_levels=False, rare_level_threshold=0.1, bin_numeric_features=None, remove_outliers=True, outliers_threshold=0.05, remove_multicollinearity=True, multicollinearity_threshold=0.95, remove_perfect_collinearity=True, create_clusters=False, cluster_iter=20, polynomial_features=False, polynomial_degree=2, trigonometry_features=False, polynomial_threshold=0.1, group_features=None, group_names=None, feature_selection=True, feature_selection_threshold=0.8, feature_selection_method=classic, feature_interaction=False, feature_ratio=False, interaction_threshold=0.01, fix_imbalance=False, fix_imbalance_method=None, transform_target=False, transform_target_method=box-cox, data_split_shuffle=True, data_split_stratify=False, fold_strategy=stratifiedkfold, fold=4, fold_shuffle=True, fold_groups=None, n_jobs=-1, use_gpu=False, custom_pipeline=None, html=True, session_id=123, log_experiment=False, experiment_name=None, experiment_custom_tags=None, log_plots=False, log_profile=False, log_data=False, silent=True, verbose=True, profile=False, profile_kwargs=None, display=None)
2023-08-25 20:51:02,799:INFO:Checking environment
2023-08-25 20:51:02,799:INFO:python_version: 3.7.12
2023-08-25 20:51:02,799:INFO:python_build: ('default', 'Oct 26 2021 06:08:53')
2023-08-25 20:51:02,799:INFO:machine: x86_64
2023-08-25 20:51:02,799:INFO:platform: Linux-4.19.0-23-cloud-amd64-x86_64-with-debian-bullseye-sid
2023-08-25 20:51:02,799:INFO:Memory: svmem(total=15763980288, available=13805486080, percent=12.4, used=1643380736, free=13085192192, active=1891946496, inactive=510251008, buffers=106713088, cached=928694272, shared=8798208, slab=153247744)
2023-08-25 20:51:02,800:INFO:Physical Core: 2
2023-08-25 20:51:02,800:INFO:Logical Core: 4
2023-08-25 20:51:02,800:INFO:Checking libraries
2023-08-25 20:51:02,800:INFO:pd==1.3.5
2023-08-25 20:51:02,800:INFO:numpy==1.20.3
2023-08-25 20:51:02,800:INFO:sklearn==0.23.2
2023-08-25 20:51:02,800:INFO:lightgbm==3.3.3
2023-08-25 20:51:02,800:WARNING:catboost not found
2023-08-25 20:51:02,800:INFO:xgboost==1.6.2
2023-08-25 20:51:02,801:INFO:mlflow==1.30.0
2023-08-25 20:51:02,801:INFO:Checking Exceptions
2023-08-25 20:51:02,801:INFO:Declaring global variables
2023-08-25 20:51:02,801:INFO:USI: 3fba
2023-08-25 20:51:02,801:INFO:pycaret_globals: {'prep_pipe', 'log_plots_param', '_all_metrics', 'imputation_regressor', 'fold_groups_param_full', 'X', '_all_models', '_available_plots', 'transform_target_method_param', 'imputation_classifier', 'fold_groups_param', 'X_train', 'pycaret_globals', '_ml_usecase', 'create_model_container', 'data_before_preprocess', 'display_container', 'html_param', 'master_model_container', 'experiment__', 'n_jobs_param', 'target_param', 'gpu_param', 'logging_param', 'dashboard_logger', 'iterative_imputation_iters_param', 'y_train', 'fix_imbalance_param', 'stratify_param', 'exp_name_log', 'transform_target_param', '_internal_pipeline', 'fold_shuffle_param', 'fold_generator', 'y', 'seed', 'y_test', '_all_models_internal', 'USI', 'X_test', 'fold_param', 'fix_imbalance_method_param', '_gpu_n_jobs_param'}
2023-08-25 20:51:02,801:INFO:Preparing display monitor
2023-08-25 20:51:02,801:INFO:Preparing display monitor
2023-08-25 20:51:02,820:INFO:Importing libraries
2023-08-25 20:51:02,820:INFO:Copying data for preprocessing
2023-08-25 20:51:02,836:INFO:Declaring preprocessing parameters
2023-08-25 20:51:02,843:INFO:Creating preprocessing pipeline
2023-08-25 20:51:02,851:INFO:Preprocessing pipeline created successfully
2023-08-25 20:51:02,851:ERROR:(Process Exit): setup has been interupted with user command 'quit'. setup must rerun.
2023-08-25 20:51:02,852:INFO:Creating global containers
2023-08-25 20:51:02,852:INFO:Internal pipeline: Pipeline(memory=None, steps=[('empty_step', 'passthrough')], verbose=False)
